<?xml version="1.0" encoding="UTF-8"?>
<!-- Generated by org.testng.reporters.JUnitXMLReporter -->
<testsuite ignored="0" hostname="DESKTOP-V3NDRRH" failures="0" tests="4" name="Test" time="16.847" errors="0" timestamp="2025-03-29T13:03:16 IST">
  <testcase classname="testCases.AccountRegistrationTest01" name="verify_account_registration" time="2.051"/>
  <testcase classname="testCases.LoginTest_02" name="verify_login" time="1.7"/>
  <testcase classname="testCases.TC_005_LogOutTest" name="verify_LogOutTest" time="1.875"/>
  <testcase classname="testCases.TC_006_Forgot_Password" name="verify_Forgot_PasswordFuntionality" time="2.223"/>
</testsuite> <!-- Test -->
