<?xml version="1.0" encoding="UTF-8"?>
<!-- Generated by org.testng.reporters.JUnitXMLReporter -->
<testsuite ignored="0" hostname="DESKTOP-V3NDRRH" failures="0" tests="3" name="Test" time="12.857" errors="0" timestamp="2025-03-29T12:36:14 IST">
  <testcase classname="testCases.AccountRegistrationTest01" name="verify_account_registration" time="2.04"/>
  <testcase classname="testCases.LoginTest_02" name="verify_login" time="1.983"/>
  <testcase classname="testCases.TC_005_LogOutTest" name="verify_LogOutTest" time="1.686"/>
</testsuite> <!-- Test -->
