<?xml version="1.0" encoding="UTF-8"?>
<!-- Generated by org.testng.reporters.JUnitXMLReporter -->
<testsuite ignored="0" hostname="DESKTOP-V3NDRRH" failures="3" tests="7" name="FirefoxTest" time="42.497" errors="0" timestamp="2025-03-26T12:28:00 IST">
  <testcase classname="testCases.AccountRegistrationTest01" name="verify_account_registration" time="2.093"/>
  <testcase classname="testCases.LoginTest_02" name="verify_login" time="1.256"/>
  <testcase classname="testCases.TC_003_LoginDDT" name="verify_loginDDT" time="2.221"/>
  <testcase classname="testCases.TC_003_LoginDDT" name="verify_loginDDT" time="2.124">
    <failure type="java.lang.AssertionError" message="expected [true] but found [false]">
      <![CDATA[java.lang.AssertionError: expected [true] but found [false]
at testCases.TC_003_LoginDDT.verify_loginDDT(TC_003_LoginDDT.java:63)
at java.base/java.util.ArrayList.forEach(ArrayList.java:1597)
... Removed 29 stack frames]]>
    </failure>
  </testcase> <!-- verify_loginDDT -->
  <testcase classname="testCases.TC_003_LoginDDT" name="verify_loginDDT" time="1.59">
    <failure type="java.lang.AssertionError" message="expected [true] but found [false]">
      <![CDATA[java.lang.AssertionError: expected [true] but found [false]
at testCases.TC_003_LoginDDT.verify_loginDDT(TC_003_LoginDDT.java:63)
at java.base/java.util.ArrayList.forEach(ArrayList.java:1597)
... Removed 29 stack frames]]>
    </failure>
  </testcase> <!-- verify_loginDDT -->
  <testcase classname="testCases.TC_003_LoginDDT" name="verify_loginDDT" time="11.078"/>
  <testcase classname="testCases.TC_003_LoginDDT" name="verify_loginDDT" time="2.055">
    <failure type="java.lang.AssertionError" message="expected [true] but found [false]">
      <![CDATA[java.lang.AssertionError: expected [true] but found [false]
at testCases.TC_003_LoginDDT.verify_loginDDT(TC_003_LoginDDT.java:63)
at java.base/java.util.ArrayList.forEach(ArrayList.java:1597)
... Removed 29 stack frames]]>
    </failure>
  </testcase> <!-- verify_loginDDT -->
</testsuite> <!-- FirefoxTest -->
