<?xml version="1.0" encoding="UTF-8"?>
<testng-results ignored="0" total="3" passed="3" failed="0" skipped="0">
  <reporter-output>
  </reporter-output>
  <suite started-at="2025-03-29T12:36:01 IST" name="Master Suite" finished-at="2025-03-29T12:36:14 IST" duration-ms="12857">
    <groups>
    </groups>
    <test started-at="2025-03-29T12:36:01 IST" name="Test" finished-at="2025-03-29T12:36:14 IST" duration-ms="12857">
      <class name="testCases.TC_005_LogOutTest">
        <test-method is-config="true" signature="setup(java.lang.String,java.lang.String)[pri:0, instance:testCases.TC_005_LogOutTest@18a136ac]" started-at="2025-03-29T12:36:10 IST" name="setup" finished-at="2025-03-29T12:36:12 IST" duration-ms="2317" status="PASS">
          <params>
            <param index="0">
              <value>
                <![CDATA[windows]]>
              </value>
            </param>
            <param index="1">
              <value>
                <![CDATA[chrome]]>
              </value>
            </param>
          </params>
          <reporter-output>
          </reporter-output>
        </test-method> <!-- setup -->
        <test-method signature="verify_LogOutTest()[pri:0, instance:testCases.TC_005_LogOutTest@18a136ac]" started-at="2025-03-29T12:36:12 IST" name="verify_LogOutTest" finished-at="2025-03-29T12:36:14 IST" depends-on-methods="testCases.LoginTest_02.verify_login" duration-ms="1686" status="PASS">
          <reporter-output>
          </reporter-output>
        </test-method> <!-- verify_LogOutTest -->
        <test-method is-config="true" signature="tearDown()[pri:0, instance:testCases.TC_005_LogOutTest@18a136ac]" started-at="2025-03-29T12:36:14 IST" name="tearDown" finished-at="2025-03-29T12:36:14 IST" duration-ms="122" status="PASS">
          <reporter-output>
          </reporter-output>
        </test-method> <!-- tearDown -->
      </class> <!-- testCases.TC_005_LogOutTest -->
      <class name="testCases.AccountRegistrationTest01">
        <test-method is-config="true" signature="setup(java.lang.String,java.lang.String)[pri:0, instance:testCases.AccountRegistrationTest01@5a709816]" started-at="2025-03-29T12:36:01 IST" name="setup" finished-at="2025-03-29T12:36:03 IST" duration-ms="2502" status="PASS">
          <params>
            <param index="0">
              <value>
                <![CDATA[windows]]>
              </value>
            </param>
            <param index="1">
              <value>
                <![CDATA[chrome]]>
              </value>
            </param>
          </params>
          <reporter-output>
          </reporter-output>
        </test-method> <!-- setup -->
        <test-method signature="verify_account_registration()[pri:0, instance:testCases.AccountRegistrationTest01@5a709816]" started-at="2025-03-29T12:36:03 IST" name="verify_account_registration" finished-at="2025-03-29T12:36:06 IST" duration-ms="2040" status="PASS">
          <reporter-output>
          </reporter-output>
        </test-method> <!-- verify_account_registration -->
        <test-method is-config="true" signature="tearDown()[pri:0, instance:testCases.AccountRegistrationTest01@5a709816]" started-at="2025-03-29T12:36:06 IST" name="tearDown" finished-at="2025-03-29T12:36:06 IST" duration-ms="108" status="PASS">
          <reporter-output>
          </reporter-output>
        </test-method> <!-- tearDown -->
      </class> <!-- testCases.AccountRegistrationTest01 -->
      <class name="testCases.LoginTest_02">
        <test-method is-config="true" signature="setup(java.lang.String,java.lang.String)[pri:0, instance:testCases.LoginTest_02@1a6c1270]" started-at="2025-03-29T12:36:06 IST" name="setup" finished-at="2025-03-29T12:36:08 IST" duration-ms="1962" status="PASS">
          <params>
            <param index="0">
              <value>
                <![CDATA[windows]]>
              </value>
            </param>
            <param index="1">
              <value>
                <![CDATA[chrome]]>
              </value>
            </param>
          </params>
          <reporter-output>
          </reporter-output>
        </test-method> <!-- setup -->
        <test-method signature="verify_login()[pri:0, instance:testCases.LoginTest_02@1a6c1270]" started-at="2025-03-29T12:36:08 IST" name="verify_login" finished-at="2025-03-29T12:36:10 IST" duration-ms="1983" status="PASS">
          <reporter-output>
          </reporter-output>
        </test-method> <!-- verify_login -->
        <test-method is-config="true" signature="tearDown()[pri:0, instance:testCases.LoginTest_02@1a6c1270]" started-at="2025-03-29T12:36:10 IST" name="tearDown" finished-at="2025-03-29T12:36:10 IST" duration-ms="90" status="PASS">
          <reporter-output>
          </reporter-output>
        </test-method> <!-- tearDown -->
      </class> <!-- testCases.LoginTest_02 -->
    </test> <!-- Test -->
  </suite> <!-- Master Suite -->
</testng-results>
