<?xml version="1.0" encoding="UTF-8"?>
<testng-results ignored="0" total="1" passed="1" failed="0" skipped="0">
  <reporter-output>
  </reporter-output>
  <suite started-at="2025-04-01T11:20:41 IST" name="Master Suite" finished-at="2025-04-01T11:20:46 IST" duration-ms="5416">
    <groups>
    </groups>
    <test started-at="2025-04-01T11:20:41 IST" name="Test" finished-at="2025-04-01T11:20:46 IST" duration-ms="5416">
      <class name="testCases.TC_007_Verify_search_funtionality">
        <test-method is-config="true" signature="setup(java.lang.String,java.lang.String)[pri:0, instance:testCases.TC_007_Verify_search_funtionality@16414e40]" started-at="2025-04-01T11:20:41 IST" name="setup" finished-at="2025-04-01T11:20:46 IST" duration-ms="4725" status="PASS">
          <params>
            <param index="0">
              <value>
                <![CDATA[windows]]>
              </value>
            </param>
            <param index="1">
              <value>
                <![CDATA[chrome]]>
              </value>
            </param>
          </params>
          <reporter-output>
          </reporter-output>
        </test-method> <!-- setup -->
        <test-method signature="SearchFuntionality()[pri:0, instance:testCases.TC_007_Verify_search_funtionality@16414e40]" started-at="2025-04-01T11:20:46 IST" name="SearchFuntionality" finished-at="2025-04-01T11:20:46 IST" duration-ms="482" status="PASS">
          <reporter-output>
          </reporter-output>
        </test-method> <!-- SearchFuntionality -->
        <test-method is-config="true" signature="tearDown()[pri:0, instance:testCases.TC_007_Verify_search_funtionality@16414e40]" started-at="2025-04-01T11:20:46 IST" name="tearDown" finished-at="2025-04-01T11:20:46 IST" duration-ms="153" status="PASS">
          <reporter-output>
          </reporter-output>
        </test-method> <!-- tearDown -->
      </class> <!-- testCases.TC_007_Verify_search_funtionality -->
    </test> <!-- Test -->
  </suite> <!-- Master Suite -->
</testng-results>
